<?xml version="1.0" encoding="UTF-8"?>
<!-- Generated by org.testng.reporters.JUnitReportReporter -->
<testsuite hostname="ajay" failures="0" tests="1" name="com.qa.apiTest.TC008_Logging" time="2.213" errors="0" timestamp="2022-03-07T10:25:31 IST" skipped="0">
  <testcase classname="com.qa.apiTest.TC008_Logging" name="logTest" time="2.213"/>
  <system-out/>
</testsuite> <!-- com.qa.apiTest.TC008_Logging -->
