<?xml version="1.0" encoding="UTF-8"?>
<!-- Generated by org.testng.reporters.JUnitReportReporter -->
<testsuite hostname="ajay" failures="0" tests="1" name="com.qa.test.TC004_DELETE" time="158.865" errors="0" timestamp="2022-03-03T09:57:16 IST" skipped="0">
  <testcase classname="com.qa.test.TC004_DELETE" name="deleteTest" time="158.865"/>
  <system-out/>
</testsuite> <!-- com.qa.test.TC004_DELETE -->
