<?xml version="1.0" encoding="UTF-8"?>
<!-- Generated by org.testng.reporters.JUnitReportReporter -->
<testsuite hostname="ajay" failures="0" tests="1" name="com.qa.apiTest.TC007_Headers_Validation" time="4.059" errors="0" timestamp="2022-03-07T09:30:55 IST" skipped="0">
  <testcase classname="com.qa.apiTest.TC007_Headers_Validation" name="verfiyingHeaders1" time="4.059"/>
  <system-out/>
</testsuite> <!-- com.qa.apiTest.TC007_Headers_Validation -->
