<?xml version="1.0" encoding="UTF-8"?>
<!-- Generated by org.testng.reporters.JUnitReportReporter -->
<testsuite hostname="ajay" failures="0" tests="1" name="com.qa.test.TC001" time="4.399" errors="0" timestamp="2022-03-02T19:43:55 IST" skipped="0">
  <testcase classname="com.qa.test.TC001" name="getTest" time="4.399"/>
  <system-out/>
</testsuite> <!-- com.qa.test.TC001 -->
