<?xml version="1.0" encoding="UTF-8"?>
<!-- Generated by org.testng.reporters.JUnitReportReporter -->
<testsuite hostname="ajay" failures="0" tests="1" name="com.qa.apiTest.TC005_GET_EXTRACT" time="2.278" errors="0" timestamp="2022-03-07T10:01:02 IST" skipped="0">
  <testcase classname="com.qa.apiTest.TC005_GET_EXTRACT" name="extractResponseBody" time="2.278"/>
  <system-out/>
</testsuite> <!-- com.qa.apiTest.TC005_GET_EXTRACT -->
