<?xml version="1.0" encoding="UTF-8"?>
<!-- Generated by org.testng.reporters.JUnitReportReporter -->
<testsuite hostname="ajay" failures="0" tests="1" name="com.qa.apiTest.TC001_GET" time="3.108" errors="0" timestamp="2022-03-03T16:29:19 IST" skipped="0">
  <testcase classname="com.qa.apiTest.TC001_GET" name="getApiCall" time="3.108"/>
  <system-out/>
</testsuite> <!-- com.qa.apiTest.TC001_GET -->
