<?xml version="1.0" encoding="UTF-8"?>
<!-- Generated by org.testng.reporters.JUnitReportReporter -->
<testsuite hostname="ajay" failures="0" tests="1" name="com.qa.apiTest.TC006_Scheme_Validation" time="2.987" errors="0" timestamp="2022-03-04T14:22:24 IST" skipped="0">
  <testcase classname="com.qa.apiTest.TC006_Scheme_Validation" name="getListOfValues" time="2.987"/>
  <system-out/>
</testsuite> <!-- com.qa.apiTest.TC006_Scheme_Validation -->
