<?xml version="1.0" encoding="UTF-8"?>
<!-- Generated by org.testng.reporters.JUnitReportReporter -->
<testsuite hostname="ajay" failures="0" tests="1" name="com.qa.apiTest.TC002_GET" time="3.039" errors="0" timestamp="2022-03-03T16:33:33 IST" skipped="0">
  <testcase classname="com.qa.apiTest.TC002_GET" name="getApiCall" time="3.039"/>
  <system-out/>
</testsuite> <!-- com.qa.apiTest.TC002_GET -->
