<?xml version="1.0" encoding="UTF-8"?>
<!-- Generated by org.testng.reporters.JUnitReportReporter -->
<testsuite hostname="ajay" failures="0" tests="1" name="com.qa.test.TC006_XML_VALIDATION" time="3.130" errors="0" timestamp="2022-03-03T11:03:20 IST" skipped="0">
  <testcase classname="com.qa.test.TC006_XML_VALIDATION" name="xmlPath2" time="3.130"/>
  <system-out/>
</testsuite> <!-- com.qa.test.TC006_XML_VALIDATION -->
