<?xml version="1.0" encoding="UTF-8"?>
<!-- Generated by org.testng.reporters.JUnitReportReporter -->
<testsuite hostname="ajay" failures="0" tests="1" name="com.qa.apiTest.TC001_POST" time="2.333" errors="0" timestamp="2022-03-03T17:00:36 IST" skipped="0">
  <testcase classname="com.qa.apiTest.TC001_POST" name="postApiTest" time="2.333"/>
  <system-out/>
</testsuite> <!-- com.qa.apiTest.TC001_POST -->
