<?xml version="1.0" encoding="UTF-8"?>
<!-- Generated by org.testng.reporters.JUnitReportReporter -->
<testsuite hostname="ajay" failures="0" tests="1" name="com.qa.test.TC005_Basic_Validation" time="3.622" errors="0" timestamp="2022-03-03T10:28:12 IST" skipped="0">
  <testcase classname="com.qa.test.TC005_Basic_Validation" name="paramHeadersValidation" time="3.622"/>
  <system-out/>
</testsuite> <!-- com.qa.test.TC005_Basic_Validation -->
