<?xml version="1.0" encoding="UTF-8"?>
<!-- Generated by org.testng.reporters.JUnitReportReporter -->
<testsuite hostname="ajay" failures="0" tests="1" name="com.qa.test.TC008_Serialization_Deserialization" time="2.519" errors="0" timestamp="2022-03-03T19:58:47 IST" skipped="0">
  <testcase classname="com.qa.test.TC008_Serialization_Deserialization" name="getRequest" time="2.519"/>
  <system-out/>
</testsuite> <!-- com.qa.test.TC008_Serialization_Deserialization -->
