<?xml version="1.0" encoding="UTF-8"?>
<!-- Generated by org.testng.reporters.JUnitReportReporter -->
<testsuite hostname="ajay" failures="0" tests="1" name="com.qa.apiTest.TC004_GET_Request_Param" time="2.386" errors="0" timestamp="2022-03-04T14:38:50 IST" skipped="0">
  <testcase classname="com.qa.apiTest.TC004_GET_Request_Param" name="getParamTest" time="2.386"/>
  <system-out/>
</testsuite> <!-- com.qa.apiTest.TC004_GET_Request_Param -->
