<?xml version="1.0" encoding="UTF-8"?>
<!-- Generated by org.testng.reporters.JUnitReportReporter -->
<testsuite hostname="ajay" failures="0" tests="1" name="com.qa.test.TC007_POST_SERIALIZATION" time="4.388" errors="0" timestamp="2022-03-03T14:48:31 IST" skipped="0">
  <testcase classname="com.qa.test.TC007_POST_SERIALIZATION" name="getTest" time="4.388"/>
  <system-out/>
</testsuite> <!-- com.qa.test.TC007_POST_SERIALIZATION -->
