<?xml version="1.0" encoding="UTF-8"?>
<!-- Generated by org.testng.reporters.JUnitReportReporter -->
<testsuite hostname="ajay" failures="0" tests="1" name="com.qa.apiTest.TC009_BaseUri_BasePath" time="1.302" errors="0" timestamp="2022-03-07T10:38:10 IST" skipped="0">
  <testcase classname="com.qa.apiTest.TC009_BaseUri_BasePath" name="getSpecificValueTest" time="1.302"/>
  <system-out/>
</testsuite> <!-- com.qa.apiTest.TC009_BaseUri_BasePath -->
