<?xml version="1.0" encoding="UTF-8"?>
<!-- Generated by org.testng.reporters.JUnitReportReporter -->
<testsuite hostname="ajay" failures="0" tests="1" name="com.qa.apiTest.TC001_PUT" time="2.318" errors="0" timestamp="2022-03-04T12:53:15 IST" skipped="0">
  <testcase classname="com.qa.apiTest.TC001_PUT" name="putCallTest" time="2.318"/>
  <system-out/>
</testsuite> <!-- com.qa.apiTest.TC001_PUT -->
