<?xml version="1.0" encoding="UTF-8"?>
<!-- Generated by org.testng.reporters.JUnitReportReporter -->
<testsuite hostname="ajay" failures="0" tests="1" name="com.qa.apiTest.TC003_DELETE" time="2.226" errors="0" timestamp="2022-03-03T17:04:24 IST" skipped="0">
  <testcase classname="com.qa.apiTest.TC003_DELETE" name="deleteCall" time="2.226"/>
  <system-out/>
</testsuite> <!-- com.qa.apiTest.TC003_DELETE -->
